[2025-11-17T08:57:23.002Z] Server started on port 5001 (ENABLE_REAL_FIX=false)
[2025-11-17T08:58:12.227Z] Server started on port 5001 (ENABLE_REAL_FIX=false)
[2025-11-17T08:58:41.768Z] Server started on port 5001 (ENABLE_REAL_FIX=false)
[2025-11-17T09:01:37.149Z] Start scan for ubuntu
[2025-11-17T09:02:20.955Z] Server started on port 5001 (ENABLE_REAL_FIX=false)
[2025-11-17T09:02:21.793Z] Server started on port 5001 (ENABLE_REAL_FIX=false)
[2025-11-17T09:02:29.513Z] Start scan for ubuntu
[2025-11-17T09:02:36.998Z] Start scan for ubuntu.latest
[2025-11-17T09:02:42.209Z] trivy err: 2025-11-17T04:02:42-05:00	FATAL	Fatal error	run error: image scan error: scan error: unable to initialize a scan service: unable to initialize artifact: unable to initialize container image: unable to find the specified image "ubuntu.latest" in ["docker" "containerd" "podman" "remote"]: 4 errors occurred:
	* docker error: unable to inspect the image (ubuntu.latest): Error response from daemon: No 
[2025-11-17T09:03:02.603Z] Start scan for ubuntu:latest
[2025-11-17T09:06:49.627Z] Server started on port 5001 (ENABLE_REAL_FIX=false)
[2025-11-17T09:08:41.846Z] Server started on port 5001 (ENABLE_REAL_FIX=false)
[2025-11-17T09:08:44.293Z] Server started on port 5001 (ENABLE_REAL_FIX=false)
[2025-11-17T09:08:55.294Z] Server started on port 5001 (ENABLE_REAL_FIX=false)
[2025-11-17T09:12:30.069Z] Server started on port 5001 (ENABLE_REAL_FIX=false)
[2025-11-17T09:12:32.653Z] Server started on port 5001 (ENABLE_REAL_FIX=false)
[2025-11-17T09:20:51.545Z] Server started on port 5001 (ENABLE_REAL_FIX=false)
[2025-11-17T09:21:13.488Z] Server started on port 5001 (ENABLE_REAL_FIX=false)
[2025-11-17T09:21:17.993Z] Server started on port 5001 (ENABLE_REAL_FIX=false)
[2025-11-17T09:21:22.112Z] Server started on port 5001 (ENABLE_REAL_FIX=false)
[2025-11-17T09:21:22.841Z] Server started on port 5001 (ENABLE_REAL_FIX=false)
[2025-11-17T09:21:48.378Z] Server started on port 5001 (ENABLE_REAL_FIX=false)
[2025-11-17T09:21:59.380Z] Server started on port 5001 (ENABLE_REAL_FIX=false)
[2025-11-17T09:22:18.657Z] Server started on port 5001 (ENABLE_REAL_FIX=false)
[2025-11-17T09:22:48.657Z] Server started on port 5001 (ENABLE_REAL_FIX=false)
[2025-11-17T09:23:18.682Z] Server started on port 5001 (ENABLE_REAL_FIX=false)
[2025-11-17T09:23:48.691Z] Server started on port 5001 (ENABLE_REAL_FIX=false)
[2025-11-17T09:24:18.692Z] Server started on port 5001 (ENABLE_REAL_FIX=false)
[2025-11-17T09:24:48.678Z] Server started on port 5001 (ENABLE_REAL_FIX=false)
[2025-11-17T09:25:18.682Z] Server started on port 5001 (ENABLE_REAL_FIX=false)
[2025-11-17T09:25:48.682Z] Server started on port 5001 (ENABLE_REAL_FIX=false)
[2025-11-17T09:25:55.946Z] Server started on port 5001 (ENABLE_REAL_FIX=false)
[2025-11-17T09:26:02.700Z] Server started on port 5001 (ENABLE_REAL_FIX=false)
[2025-11-17T09:26:04.979Z] Server started on port 5001 (ENABLE_REAL_FIX=false)
[2025-11-17T09:26:33.607Z] Server started on port 5001 (ENABLE_REAL_FIX=false)
[2025-11-17T09:27:03.625Z] Server started on port 5001 (ENABLE_REAL_FIX=false)
[2025-11-17T09:27:33.628Z] Server started on port 5001 (ENABLE_REAL_FIX=false)
[2025-11-17T09:28:03.981Z] Server started on port 5001 (ENABLE_REAL_FIX=false)
[2025-11-17T09:28:16.681Z] Server started on port 5001 (ENABLE_REAL_FIX=false)
[2025-11-17T09:28:19.704Z] Server started on port 5001 (ENABLE_REAL_FIX=false)
[2025-11-17T09:28:22.522Z] Server started on port 5001 (ENABLE_REAL_FIX=false)
[2025-11-17T09:28:24.272Z] Server started on port 5001 (ENABLE_REAL_FIX=false)
[2025-11-17T09:28:49.690Z] Server started on port 5001 (ENABLE_REAL_FIX=false)
[2025-11-17T09:29:19.657Z] Server started on port 5001 (ENABLE_REAL_FIX=false)
[2025-11-17T09:29:49.651Z] Server started on port 5001 (ENABLE_REAL_FIX=false)
[2025-11-17T09:30:19.645Z] Server started on port 5001 (ENABLE_REAL_FIX=false)
